
> backend@1.0.0 dev
> tsx watch -r tsconfig-paths/register src/index.ts

◇ injected env (60) from .env // tip: ⌁ auth for agents [www.vestauth.com]
[95m[BOOTSTRAP][0m Starting application...
[33m[SERVER][0m Starting server on port 59231...
[96m[DATABASE][0m Connecting MongoDB...
[32m[MONGODB][0m Connecting to MongoDB...
[32m[MONGODB][0m App logs connection established
[32m[MONGODB][0m Activities connection established
[32m[MONGODB][0m All connections established successfully
[96m[DATABASE][0m MongoDB connected successfully
[96m[DATABASE][0m Connecting Redis...
[31m[REDIS][0m Connecting to Redis...
[31m[REDIS][0m Connected successfully
[96m[DATABASE][0m Redis connected successfully
[96m[DATABASE][0m Connecting DB1...
[34m[POSTGRES][0m Testing DB1 connection...
[34m[POSTGRES][0m DB1 connected successfully
[96m[DATABASE][0m DB1 connected successfully
[96m[DATABASE][0m Successfully connected to 3 database(s)
[33m[SERVER][0m Server is running on http://:::59231
[95m[BOOTSTRAP][0m Application started successfully
[0mGET /health [32m200[0m 2.891 ms - 85[0m
[0mGET /api/v1/farmer/profile [32m200[0m 18556.387 ms - 809[0m
[0mPUT /api/v1/farmer/profile [33m409[0m 11225.018 ms - 59[0m
[0mGET /api/v1/farmer/calendar?year=2026&month=7 [32m200[0m 1753.044 ms - 141[0m
[0mGET /api/v1/farmer/tasks [32m200[0m 465.373 ms - 59[0m
[0mGET /api/v1/mandi/3dd02d18-2fc6-422a-a6ba-522ad3304635/products [36m304[0m 684.819 ms - -[0m
[0mGET /api/v1/schemes [36m304[0m 730.291 ms - -[0m
[0mGET /api/v1/poll/active [36m304[0m 518.013 ms - -[0m
[0mGET /api/v1/weather?mandiId=3dd02d18-2fc6-422a-a6ba-522ad3304635 [32m200[0m 1295.409 ms - 212[0m
[0mGET /api/v1/predictions?cropIds=1b73ba7c-fb67-48e8-b4d9-23a17f8e01ca%2C38f8aff3-13c3-4cd6-9ee8-2e420cbf0420%2C8fb8846a-32a1-406e-819a-0846370cb8c3 [32m200[0m 1108.037 ms - 394[0m
[0mGET /api/v1/market-insights?productId=1b73ba7c-fb67-48e8-b4d9-23a17f8e01ca&mandiId=3dd02d18-2fc6-422a-a6ba-522ad3304635 [32m200[0m 1430.413 ms - 162[0m
[0mGET /api/v1/farmer/calendar?year=2026&month=7 [32m200[0m 2230.401 ms - 141[0m
[0mGET /api/v1/creators?lang=hi [36m304[0m 1713.930 ms - -[0m
[0mGET /api/v1/farmer/tasks [32m200[0m 3015.069 ms - 59[0m
[0mGET /api/v1/mandi/3dd02d18-2fc6-422a-a6ba-522ad3304635/products/1b73ba7c-fb67-48e8-b4d9-23a17f8e01ca/detail [32m200[0m 4825.664 ms - -[0m
[0mGET /api/v1/shorts?lang=hi [36m304[0m 1673.823 ms - -[0m
[0mGET /api/v1/mandi/3dd02d18-2fc6-422a-a6ba-522ad3304635/market-rates?cropIds=1b73ba7c-fb67-48e8-b4d9-23a17f8e01ca%2C38f8aff3-13c3-4cd6-9ee8-2e420cbf0420%2C8fb8846a-32a1-406e-819a-0846370cb8c3 [32m200[0m 5553.520 ms - 59[0m
[0mPUT /api/v1/farmer/profile [32m200[0m 4889.824 ms - 808[0m
[0mPUT /api/v1/farmer/profile [32m200[0m 15998.745 ms - 808[0m
[0mPUT /api/v1/farmer/preferences [32m200[0m 13277.718 ms - -[0m
[0mPUT /api/v1/farmer/preferences [32m200[0m 12926.781 ms - -[0m
[0mGET /health [32m200[0m 0.679 ms - 85[0m
[0mGET /api/v1/mandi/3dd02d18-2fc6-422a-a6ba-522ad3304635/market-rates?cropIds=1b73ba7c-fb67-48e8-b4d9-23a17f8e01ca%2C38f8aff3-13c3-4cd6-9ee8-2e420cbf0420%2C8fb8846a-32a1-406e-819a-0846370cb8c3 [36m304[0m 531.688 ms - -[0m
[0mGET /api/v1/schemes [36m304[0m 539.625 ms - -[0m
[0mGET /api/v1/mandi/3dd02d18-2fc6-422a-a6ba-522ad3304635/products [36m304[0m 541.339 ms - -[0m
[0mGET /api/v1/mandi/3dd02d18-2fc6-422a-a6ba-522ad3304635/products/1b73ba7c-fb67-48e8-b4d9-23a17f8e01ca/detail [36m304[0m 875.009 ms - -[0m
[0mGET /api/v1/poll/active [36m304[0m 298.447 ms - -[0m
[0mGET /api/v1/market-insights?productId=1b73ba7c-fb67-48e8-b4d9-23a17f8e01ca&mandiId=3dd02d18-2fc6-422a-a6ba-522ad3304635 [36m304[0m 382.707 ms - -[0m
[0mGET /api/v1/predictions?cropIds=1b73ba7c-fb67-48e8-b4d9-23a17f8e01ca%2C38f8aff3-13c3-4cd6-9ee8-2e420cbf0420%2C8fb8846a-32a1-406e-819a-0846370cb8c3 [36m304[0m 529.512 ms - -[0m
[0mGET /api/v1/weather?mandiId=3dd02d18-2fc6-422a-a6ba-522ad3304635 [36m304[0m 1135.238 ms - -[0m
[0mGET /api/v1/creators?lang=hi [36m304[0m 304.642 ms - -[0m
[0mGET /api/v1/shorts?lang=hi [36m304[0m 205.981 ms - -[0m
[0mGET /api/v1/farmer/calendar?year=2026&month=7 [36m304[0m 501.835 ms - -[0m
[0mGET /api/v1/farmer/tasks [36m304[0m 499.205 ms - -[0m
[0mGET /api/v1/weather?mandiId=3dd02d18-2fc6-422a-a6ba-522ad3304635 [36m304[0m 1740.377 ms - -[0m
[0mGET /api/v1/schemes [36m304[0m 2578.629 ms - -[0m
[0mGET /api/v1/mandi/3dd02d18-2fc6-422a-a6ba-522ad3304635/market-rates?cropIds=1b73ba7c-fb67-48e8-b4d9-23a17f8e01ca%2C38f8aff3-13c3-4cd6-9ee8-2e420cbf0420%2C8fb8846a-32a1-406e-819a-0846370cb8c3 [36m304[0m 2652.832 ms - -[0m
[0mGET /api/v1/mandi/3dd02d18-2fc6-422a-a6ba-522ad3304635/products [36m304[0m 2678.877 ms - -[0m
[0mGET /api/v1/mandi/3dd02d18-2fc6-422a-a6ba-522ad3304635/products/1b73ba7c-fb67-48e8-b4d9-23a17f8e01ca/detail [36m304[0m 4244.459 ms - -[0m
[0mGET /api/v1/poll/active [36m304[0m 1625.799 ms - -[0m
[0mGET /api/v1/predictions?cropIds=1b73ba7c-fb67-48e8-b4d9-23a17f8e01ca%2C38f8aff3-13c3-4cd6-9ee8-2e420cbf0420%2C8fb8846a-32a1-406e-819a-0846370cb8c3 [36m304[0m 3239.826 ms - -[0m
[0mGET /api/v1/market-insights?productId=1b73ba7c-fb67-48e8-b4d9-23a17f8e01ca&mandiId=3dd02d18-2fc6-422a-a6ba-522ad3304635 [36m304[0m 2319.338 ms - -[0m
[0mGET /api/v1/creators?lang=hi [36m304[0m 1544.333 ms - -[0m
[0mGET /api/v1/farmer/calendar?year=2026&month=7 [36m304[0m 3267.443 ms - -[0m
[0mGET /api/v1/shorts?lang=hi [36m304[0m 1802.381 ms - -[0m
[0mGET /api/v1/farmer/tasks [36m304[0m 3460.057 ms - -[0m
[0mGET /api/v1/mandi/2a775b93-5db8-44d7-91a5-6eba579b3297/products/1b73ba7c-fb67-48e8-b4d9-23a17f8e01ca/detail [32m200[0m 3345.907 ms - 1733[0m
[0mGET /api/v1/mandi/2a775b93-5db8-44d7-91a5-6eba579b3297/overview?primaryProductId=1b73ba7c-fb67-48e8-b4d9-23a17f8e01ca [32m200[0m 797.948 ms - 3072[0m
[0mGET /api/v1/mandi/3dd02d18-2fc6-422a-a6ba-522ad3304635/products/1b73ba7c-fb67-48e8-b4d9-23a17f8e01ca/detail [32m200[0m 768.246 ms - 1410[0m
[0mGET /api/v1/mandi/3dd02d18-2fc6-422a-a6ba-522ad3304635/products/38f8aff3-13c3-4cd6-9ee8-2e420cbf0420/detail [32m200[0m 551.055 ms - 1182[0m
[0mGET /api/v1/farmer/profile [32m200[0m 574.868 ms - -[0m
[0mGET /api/v1/mandi/3dd02d18-2fc6-422a-a6ba-522ad3304635/market-rates?cropIds=1b73ba7c-fb67-48e8-b4d9-23a17f8e01ca%2C38f8aff3-13c3-4cd6-9ee8-2e420cbf0420%2C8fb8846a-32a1-406e-819a-0846370cb8c3 [36m304[0m 444.105 ms - -[0m
[0mGET /api/v1/schemes?userId=8d8ffe2c-5a20-428f-94ee-c565555f0fd6 [32m200[0m 436.445 ms - -[0m
[0mGET /api/v1/mandi/3dd02d18-2fc6-422a-a6ba-522ad3304635/products [36m304[0m 452.309 ms - -[0m
[0mGET /api/v1/mandi/3dd02d18-2fc6-422a-a6ba-522ad3304635/products/1b73ba7c-fb67-48e8-b4d9-23a17f8e01ca/detail [36m304[0m 645.374 ms - -[0m
[0mGET /api/v1/poll/active?userId=8d8ffe2c-5a20-428f-94ee-c565555f0fd6 [32m200[0m 231.363 ms - 55[0m
[0mGET /api/v1/market-insights?productId=1b73ba7c-fb67-48e8-b4d9-23a17f8e01ca&mandiId=3dd02d18-2fc6-422a-a6ba-522ad3304635 [36m304[0m 311.517 ms - -[0m
[0mGET /api/v1/predictions?userId=8d8ffe2c-5a20-428f-94ee-c565555f0fd6&cropIds=1b73ba7c-fb67-48e8-b4d9-23a17f8e01ca%2C38f8aff3-13c3-4cd6-9ee8-2e420cbf0420%2C1b73ba7c-fb67-48e8-b4d9-23a17f8e01ca%2C8fb8846a-32a1-406e-819a-0846370cb8c3%2C38f8aff3-13c3-4cd6-9ee8-2e420cbf0420%2C8fb8846a-32a1-406e-819a-0846370cb8c3 [32m200[0m 435.134 ms - 394[0m
[0mGET /api/v1/weather?mandiId=3dd02d18-2fc6-422a-a6ba-522ad3304635 [36m304[0m 980.745 ms - -[0m
[0mGET /api/v1/creators [32m200[0m 339.027 ms - 55[0m
[0mGET /api/v1/farmer/calendar?userId=8d8ffe2c-5a20-428f-94ee-c565555f0fd6&year=2026&month=7 [32m200[0m 553.446 ms - 141[0m
[0mGET /api/v1/shorts?userId=8d8ffe2c-5a20-428f-94ee-c565555f0fd6 [32m200[0m 332.489 ms - 53[0m
[0mGET /api/v1/farmer/tasks?userId=8d8ffe2c-5a20-428f-94ee-c565555f0fd6 [32m200[0m 541.504 ms - 59[0m
12:15:51 am [tsx] change in ./src\modules\mandi\routes\mandi-admin.routes.ts Restarting...
c◇ injected env (60) from .env // tip: ⌘ override existing { override: true }
[95m[BOOTSTRAP][0m Starting application...
[33m[SERVER][0m Starting server on port 59231...
[96m[DATABASE][0m Connecting MongoDB...
[32m[MONGODB][0m Connecting to MongoDB...
[32m[MONGODB][0m App logs connection established
[32m[MONGODB][0m Activities connection established
[32m[MONGODB][0m All connections established successfully
[96m[DATABASE][0m MongoDB connected successfully
[96m[DATABASE][0m Connecting Redis...
[31m[REDIS][0m Connecting to Redis...
[31m[REDIS][0m Connected successfully
[96m[DATABASE][0m Redis connected successfully
[96m[DATABASE][0m Connecting DB1...
[34m[POSTGRES][0m Testing DB1 connection...
[34m[POSTGRES][0m DB1 connected successfully
[96m[DATABASE][0m DB1 connected successfully
[96m[DATABASE][0m Successfully connected to 3 database(s)
[33m[SERVER][0m Server is running on http://:::59231
[95m[BOOTSTRAP][0m Application started successfully
[0mGET /api/v1/farmer/profile [36m304[0m 1376.645 ms - -[0m
[0mGET /api/v1/weather?mandiId=3dd02d18-2fc6-422a-a6ba-522ad3304635 [32m200[0m 983.991 ms - 212[0m
[0mGET /api/v1/mandi/3dd02d18-2fc6-422a-a6ba-522ad3304635/products [36m304[0m 1352.412 ms - -[0m
[0mGET /api/v1/predictions?userId=8d8ffe2c-5a20-428f-94ee-c565555f0fd6&cropIds=1b73ba7c-fb67-48e8-b4d9-23a17f8e01ca%2C38f8aff3-13c3-4cd6-9ee8-2e420cbf0420%2C1b73ba7c-fb67-48e8-b4d9-23a17f8e01ca%2C8fb8846a-32a1-406e-819a-0846370cb8c3%2C38f8aff3-13c3-4cd6-9ee8-2e420cbf0420%2C8fb8846a-32a1-406e-819a-0846370cb8c3 [36m304[0m 415.683 ms - -[0m
[0mGET /api/v1/poll/active?userId=8d8ffe2c-5a20-428f-94ee-c565555f0fd6 [36m304[0m 216.284 ms - -[0m
[0mGET /api/v1/mandi/3dd02d18-2fc6-422a-a6ba-522ad3304635/market-rates?cropIds=1b73ba7c-fb67-48e8-b4d9-23a17f8e01ca%2C38f8aff3-13c3-4cd6-9ee8-2e420cbf0420%2C8fb8846a-32a1-406e-819a-0846370cb8c3 [36m304[0m 1623.198 ms - -[0m
[0mGET /api/v1/market-insights?productId=1b73ba7c-fb67-48e8-b4d9-23a17f8e01ca&mandiId=3dd02d18-2fc6-422a-a6ba-522ad3304635 [36m304[0m 375.971 ms - -[0m
[0mGET /api/v1/farmer/tasks?userId=8d8ffe2c-5a20-428f-94ee-c565555f0fd6 [36m304[0m 414.935 ms - -[0m
[0mGET /api/v1/creators [36m304[0m 295.398 ms - -[0m
[0mGET /api/v1/mandi/3dd02d18-2fc6-422a-a6ba-522ad3304635/products/1b73ba7c-fb67-48e8-b4d9-23a17f8e01ca/detail [36m304[0m 2386.391 ms - -[0m
[0mGET /api/v1/farmer/calendar?userId=8d8ffe2c-5a20-428f-94ee-c565555f0fd6&year=2026&month=7 [36m304[0m 828.443 ms - -[0m
[0mGET /api/v1/shorts?userId=8d8ffe2c-5a20-428f-94ee-c565555f0fd6 [36m304[0m 669.791 ms - -[0m
[0mGET /api/v1/schemes?userId=8d8ffe2c-5a20-428f-94ee-c565555f0fd6 [36m304[0m 3342.580 ms - -[0m
[0mGET /api/v1/mandi [36m304[0m 459.985 ms - -[0m
[0mGET /api/v1/farmer/profile [36m304[0m 448.619 ms - -[0m
[0mGET /api/v1/mandi/32bf9854-a950-4370-ac64-8c73766c2df3/products/1b73ba7c-fb67-48e8-b4d9-23a17f8e01ca/detail [32m200[0m 658.935 ms - -[0m
[0mGET /api/v1/mandi/2a775b93-5db8-44d7-91a5-6eba579b3297/products/1b73ba7c-fb67-48e8-b4d9-23a17f8e01ca/detail [36m304[0m 1522.849 ms - -[0m
[0mGET /api/v1/mandi/3dd02d18-2fc6-422a-a6ba-522ad3304635/market-rates?cropIds=1b73ba7c-fb67-48e8-b4d9-23a17f8e01ca%2C38f8aff3-13c3-4cd6-9ee8-2e420cbf0420%2C8fb8846a-32a1-406e-819a-0846370cb8c3 [36m304[0m 481.613 ms - -[0m
[0mGET /api/v1/mandi/3dd02d18-2fc6-422a-a6ba-522ad3304635/products [36m304[0m 497.064 ms - -[0m
[0mGET /api/v1/schemes?userId=8d8ffe2c-5a20-428f-94ee-c565555f0fd6 [36m304[0m 490.066 ms - -[0m
[0mGET /api/v1/mandi/3dd02d18-2fc6-422a-a6ba-522ad3304635/products/1b73ba7c-fb67-48e8-b4d9-23a17f8e01ca/detail [36m304[0m 737.095 ms - -[0m
[0mGET /api/v1/poll/active?userId=8d8ffe2c-5a20-428f-94ee-c565555f0fd6 [36m304[0m 216.460 ms - -[0m
[0mGET /api/v1/market-insights?productId=1b73ba7c-fb67-48e8-b4d9-23a17f8e01ca&mandiId=3dd02d18-2fc6-422a-a6ba-522ad3304635 [36m304[0m 343.484 ms - -[0m
[0mGET /api/v1/predictions?userId=8d8ffe2c-5a20-428f-94ee-c565555f0fd6&cropIds=1b73ba7c-fb67-48e8-b4d9-23a17f8e01ca%2C38f8aff3-13c3-4cd6-9ee8-2e420cbf0420%2C1b73ba7c-fb67-48e8-b4d9-23a17f8e01ca%2C8fb8846a-32a1-406e-819a-0846370cb8c3%2C38f8aff3-13c3-4cd6-9ee8-2e420cbf0420%2C8fb8846a-32a1-406e-819a-0846370cb8c3 [36m304[0m 457.216 ms - -[0m
[0mGET /api/v1/weather?mandiId=3dd02d18-2fc6-422a-a6ba-522ad3304635 [36m304[0m 1024.582 ms - -[0m
[0mGET /api/v1/creators [36m304[0m 205.061 ms - -[0m
[0mGET /api/v1/shorts?userId=8d8ffe2c-5a20-428f-94ee-c565555f0fd6 [36m304[0m 227.151 ms - -[0m
[0mGET /api/v1/farmer/calendar?userId=8d8ffe2c-5a20-428f-94ee-c565555f0fd6&year=2026&month=7 [36m304[0m 448.714 ms - -[0m
[0mGET /api/v1/farmer/tasks?userId=8d8ffe2c-5a20-428f-94ee-c565555f0fd6 [36m304[0m 444.437 ms - -[0m
[0mGET /api/v1/mandi [36m304[0m 448.378 ms - -[0m
[0mGET /api/v1/mandi/32bf9854-a950-4370-ac64-8c73766c2df3/products/1b73ba7c-fb67-48e8-b4d9-23a17f8e01ca/detail [36m304[0m 692.657 ms - -[0m
[0mGET /api/v1/mandi/2a775b93-5db8-44d7-91a5-6eba579b3297/products/1b73ba7c-fb67-48e8-b4d9-23a17f8e01ca/detail [36m304[0m 905.158 ms - -[0m
[0mGET /health [32m200[0m 0.582 ms - 85[0m
[0mGET /api/v1/mandi/admin/2a775b93-5db8-44d7-91a5-6eba579b3297/products/1b73ba7c-fb67-48e8-b4d9-23a17f8e01ca/prices [33m401[0m 0.620 ms - 42[0m
[0mGET /api/v1/mandi/2a775b93-5db8-44d7-91a5-6eba579b3297/products/1b73ba7c-fb67-48e8-b4d9-23a17f8e01ca/detail [32m200[0m 559.354 ms - 1733[0m
12:18:58 am [tsx] change in ./src\modules\mandi\services\mandi-public.service.ts Restarting...
c◇ injected env (60) from .env // tip: ⌘ suppress logs { quiet: true }
[95m[BOOTSTRAP][0m Starting application...
[33m[SERVER][0m Starting server on port 59231...
[96m[DATABASE][0m Connecting MongoDB...
[32m[MONGODB][0m Connecting to MongoDB...
[32m[MONGODB][0m App logs connection established
[32m[MONGODB][0m Activities connection established
[32m[MONGODB][0m All connections established successfully
[96m[DATABASE][0m MongoDB connected successfully
[96m[DATABASE][0m Connecting Redis...
[31m[REDIS][0m Connecting to Redis...
[31m[REDIS][0m Connected successfully
[96m[DATABASE][0m Redis connected successfully
[96m[DATABASE][0m Connecting DB1...
[34m[POSTGRES][0m Testing DB1 connection...
[34m[POSTGRES][0m DB1 connected successfully
[96m[DATABASE][0m DB1 connected successfully
[96m[DATABASE][0m Successfully connected to 3 database(s)
[33m[SERVER][0m Server is running on http://:::59231
[95m[BOOTSTRAP][0m Application started successfully
[0mGET /api/v1/farmer/profile [36m304[0m 1445.269 ms - -[0m
[0mGET /api/v1/mandi/3dd02d18-2fc6-422a-a6ba-522ad3304635/products [36m304[0m 505.639 ms - -[0m
[0mGET /api/v1/predictions?userId=8d8ffe2c-5a20-428f-94ee-c565555f0fd6&cropIds=1b73ba7c-fb67-48e8-b4d9-23a17f8e01ca%2C38f8aff3-13c3-4cd6-9ee8-2e420cbf0420%2C1b73ba7c-fb67-48e8-b4d9-23a17f8e01ca%2C8fb8846a-32a1-406e-819a-0846370cb8c3%2C38f8aff3-13c3-4cd6-9ee8-2e420cbf0420%2C8fb8846a-32a1-406e-819a-0846370cb8c3 [36m304[0m 436.352 ms - -[0m
[0mGET /api/v1/poll/active?userId=8d8ffe2c-5a20-428f-94ee-c565555f0fd6 [36m304[0m 216.696 ms - -[0m
[0mGET /api/v1/schemes?userId=8d8ffe2c-5a20-428f-94ee-c565555f0fd6 [36m304[0m 1386.694 ms - -[0m
[0mGET /api/v1/mandi/3dd02d18-2fc6-422a-a6ba-522ad3304635/market-rates?cropIds=1b73ba7c-fb67-48e8-b4d9-23a17f8e01ca%2C38f8aff3-13c3-4cd6-9ee8-2e420cbf0420%2C8fb8846a-32a1-406e-819a-0846370cb8c3 [36m304[0m 1402.917 ms - -[0m
[0mGET /api/v1/market-insights?productId=1b73ba7c-fb67-48e8-b4d9-23a17f8e01ca&mandiId=3dd02d18-2fc6-422a-a6ba-522ad3304635 [36m304[0m 329.493 ms - -[0m
[0mGET /api/v1/weather?mandiId=3dd02d18-2fc6-422a-a6ba-522ad3304635 [32m200[0m 1797.706 ms - 220[0m
[0mGET /api/v1/creators [36m304[0m 279.191 ms - -[0m
[0mGET /api/v1/farmer/calendar?userId=8d8ffe2c-5a20-428f-94ee-c565555f0fd6&year=2026&month=7 [36m304[0m 451.517 ms - -[0m
[0mGET /api/v1/farmer/tasks?userId=8d8ffe2c-5a20-428f-94ee-c565555f0fd6 [36m304[0m 693.846 ms - -[0m
[0mGET /api/v1/shorts?userId=8d8ffe2c-5a20-428f-94ee-c565555f0fd6 [36m304[0m 380.801 ms - -[0m
[0mGET /api/v1/mandi [36m304[0m 464.458 ms - -[0m
[0mGET /api/v1/mandi/3dd02d18-2fc6-422a-a6ba-522ad3304635/products/1b73ba7c-fb67-48e8-b4d9-23a17f8e01ca/detail [36m304[0m 3107.328 ms - -[0m
[0mGET /api/v1/mandi/32bf9854-a950-4370-ac64-8c73766c2df3/market-rates?cropIds=1b73ba7c-fb67-48e8-b4d9-23a17f8e01ca%2C38f8aff3-13c3-4cd6-9ee8-2e420cbf0420%2C8fb8846a-32a1-406e-819a-0846370cb8c3 [32m200[0m 437.486 ms - 59[0m
[0mGET /api/v1/mandi/2a775b93-5db8-44d7-91a5-6eba579b3297/market-rates?cropIds=1b73ba7c-fb67-48e8-b4d9-23a17f8e01ca%2C38f8aff3-13c3-4cd6-9ee8-2e420cbf0420%2C8fb8846a-32a1-406e-819a-0846370cb8c3 [32m200[0m 439.947 ms - -[0m
[0mGET /api/v1/mandi [36m304[0m 476.740 ms - -[0m
[0mGET /api/v1/mandi/2a775b93-5db8-44d7-91a5-6eba579b3297/products [36m304[0m 449.127 ms - -[0m
[0mGET /api/v1/mandi/2a775b93-5db8-44d7-91a5-6eba579b3297/products/1b73ba7c-fb67-48e8-b4d9-23a17f8e01ca/detail [36m304[0m 745.489 ms - -[0m
[0mGET /api/v1/mandi/32bf9854-a950-4370-ac64-8c73766c2df3/products/1b73ba7c-fb67-48e8-b4d9-23a17f8e01ca/detail [36m304[0m 1272.101 ms - -[0m
[0mGET /api/v1/mandi [32m200[0m 124.458 ms - 2466[0m
[0mGET /api/v1/mandi/2a775b93-5db8-44d7-91a5-6eba579b3297/overview?productIds=1b73ba7c-fb67-48e8-b4d9-23a17f8e01ca&primaryProductId=1b73ba7c-fb67-48e8-b4d9-23a17f8e01ca [32m200[0m 437.054 ms - 1279[0m
12:30:59 am [tsx] change in ./src\infrastructure\database\postgres\schemas\db1\all.schema.ts Restarting...
c◇ injected env (60) from .env // tip: ⌘ custom filepath { path: '/custom/path/.env' }
[95m[BOOTSTRAP][0m Starting application...
[33m[SERVER][0m Starting server on port 59231...
[96m[DATABASE][0m Connecting MongoDB...
[32m[MONGODB][0m Connecting to MongoDB...
[32m[MONGODB][0m App logs connection established
[32m[MONGODB][0m Activities connection established
[32m[MONGODB][0m All connections established successfully
[96m[DATABASE][0m MongoDB connected successfully
[96m[DATABASE][0m Connecting Redis...
[31m[REDIS][0m Connecting to Redis...
[31m[REDIS][0m Connected successfully
[96m[DATABASE][0m Redis connected successfully
[96m[DATABASE][0m Connecting DB1...
[34m[POSTGRES][0m Testing DB1 connection...
[34m[POSTGRES][0m DB1 connected successfully
[96m[DATABASE][0m DB1 connected successfully
[96m[DATABASE][0m Successfully connected to 3 database(s)
[96m[DATABASE][0m Disconnecting all databases...
[32m[MONGODB][0m Disconnecting from MongoDB...
[31m[REDIS][0m Disconnecting from Redis...
[34m[POSTGRES][0m DB1 disconnected successfully
[32m[MONGODB][0m Disconnected successfully
[31m[REDIS][0m Disconnected successfully
[96m[DATABASE][0m MongoDB disconnected successfully
[96m[DATABASE][0m Redis disconnected successfully
[96m[DATABASE][0m DB1 disconnected successfully
[96m[DATABASE][0m All databases disconnected successfully
12:31:39 am [tsx] change in ./src\modules\farmer\routes\farmer.routes.ts Rerunning...
c◇ injected env (60) from .env // tip: ⌘ enable debugging { debug: true }
[95m[BOOTSTRAP][0m Starting application...
[33m[SERVER][0m Starting server on port 59231...
[96m[DATABASE][0m Connecting MongoDB...
[32m[MONGODB][0m Connecting to MongoDB...
[32m[MONGODB][0m App logs connection established
[32m[MONGODB][0m Activities connection established
[32m[MONGODB][0m All connections established successfully
[96m[DATABASE][0m MongoDB connected successfully
[96m[DATABASE][0m Connecting Redis...
[31m[REDIS][0m Connecting to Redis...
[31m[REDIS][0m Connected successfully
[96m[DATABASE][0m Redis connected successfully
[96m[DATABASE][0m Connecting DB1...
[34m[POSTGRES][0m Testing DB1 connection...
[34m[POSTGRES][0m DB1 connected successfully
[96m[DATABASE][0m DB1 connected successfully
[96m[DATABASE][0m Successfully connected to 3 database(s)
[96m[DATABASE][0m Disconnecting all databases...
[32m[MONGODB][0m Disconnecting from MongoDB...
[31m[REDIS][0m Disconnecting from Redis...
[34m[POSTGRES][0m DB1 disconnected successfully
[32m[MONGODB][0m Disconnected successfully
[31m[REDIS][0m Disconnected successfully
[96m[DATABASE][0m MongoDB disconnected successfully
[96m[DATABASE][0m Redis disconnected successfully
[96m[DATABASE][0m DB1 disconnected successfully
[96m[DATABASE][0m All databases disconnected successfully
12:37:31 am [tsx] change in ./src\infrastructure\database\postgres\schemas\db1\all.schema.ts Rerunning...
c◇ injected env (60) from .env // tip: ⌘ enable debugging { debug: true }
[95m[BOOTSTRAP][0m Starting application...
[33m[SERVER][0m Starting server on port 59231...
[96m[DATABASE][0m Connecting MongoDB...
[32m[MONGODB][0m Connecting to MongoDB...
[32m[MONGODB][0m App logs connection established
[32m[MONGODB][0m Activities connection established
[32m[MONGODB][0m All connections established successfully
[96m[DATABASE][0m MongoDB connected successfully
[96m[DATABASE][0m Connecting Redis...
[31m[REDIS][0m Connecting to Redis...
[31m[REDIS][0m Connected successfully
[96m[DATABASE][0m Redis connected successfully
[96m[DATABASE][0m Connecting DB1...
[34m[POSTGRES][0m Testing DB1 connection...
[34m[POSTGRES][0m DB1 connected successfully
[96m[DATABASE][0m DB1 connected successfully
[96m[DATABASE][0m Successfully connected to 3 database(s)
[96m[DATABASE][0m Disconnecting all databases...
[32m[MONGODB][0m Disconnecting from MongoDB...
[31m[REDIS][0m Disconnecting from Redis...
[34m[POSTGRES][0m DB1 disconnected successfully
[32m[MONGODB][0m Disconnected successfully
[31m[REDIS][0m Disconnected successfully
[96m[DATABASE][0m MongoDB disconnected successfully
[96m[DATABASE][0m Redis disconnected successfully
[96m[DATABASE][0m DB1 disconnected successfully
[96m[DATABASE][0m All databases disconnected successfully
12:39:35 am [tsx] change in ./src\modules\content\repositories\content.repository.ts Rerunning...
c◇ injected env (60) from .env // tip: ⌁ auth for agents [www.vestauth.com]
[95m[BOOTSTRAP][0m Starting application...
[33m[SERVER][0m Starting server on port 59231...
[96m[DATABASE][0m Connecting MongoDB...
[32m[MONGODB][0m Connecting to MongoDB...
[32m[MONGODB][0m App logs connection established
[32m[MONGODB][0m Activities connection established
[32m[MONGODB][0m All connections established successfully
[96m[DATABASE][0m MongoDB connected successfully
[96m[DATABASE][0m Connecting Redis...
[31m[REDIS][0m Connecting to Redis...
[31m[REDIS][0m Connected successfully
[96m[DATABASE][0m Redis connected successfully
[96m[DATABASE][0m Connecting DB1...
[34m[POSTGRES][0m Testing DB1 connection...
[34m[POSTGRES][0m DB1 connected successfully
[96m[DATABASE][0m DB1 connected successfully
[96m[DATABASE][0m Successfully connected to 3 database(s)
[33m[SERVER][0m Server is running on http://:::59231
[95m[BOOTSTRAP][0m Application started successfully
12:40:00 am [tsx] change in ./src\modules\content\services\content.service.ts Restarting...
c◇ injected env (60) from .env // tip: ◈ secrets for agents [www.dotenvx.com]
[95m[BOOTSTRAP][0m Starting application...
[33m[SERVER][0m Starting server on port 59231...
[96m[DATABASE][0m Connecting MongoDB...
[32m[MONGODB][0m Connecting to MongoDB...
[32m[MONGODB][0m App logs connection established
[32m[MONGODB][0m Activities connection established
[32m[MONGODB][0m All connections established successfully
[96m[DATABASE][0m MongoDB connected successfully
[96m[DATABASE][0m Connecting Redis...
[31m[REDIS][0m Connecting to Redis...
[31m[REDIS][0m Connected successfully
[96m[DATABASE][0m Redis connected successfully
[96m[DATABASE][0m Connecting DB1...
[34m[POSTGRES][0m Testing DB1 connection...
[34m[POSTGRES][0m DB1 connected successfully
[96m[DATABASE][0m DB1 connected successfully
[96m[DATABASE][0m Successfully connected to 3 database(s)
[96m[DATABASE][0m Disconnecting all databases...
[32m[MONGODB][0m Disconnecting from MongoDB...
[31m[REDIS][0m Disconnecting from Redis...
[34m[POSTGRES][0m DB1 disconnected successfully
[32m[MONGODB][0m Disconnected successfully
[31m[REDIS][0m Disconnected successfully
[96m[DATABASE][0m MongoDB disconnected successfully
[96m[DATABASE][0m Redis disconnected successfully
[96m[DATABASE][0m DB1 disconnected successfully
[96m[DATABASE][0m All databases disconnected successfully
12:40:31 am [tsx] change in ./src\modules\content\routes\content.routes.ts Rerunning...
c◇ injected env (60) from .env // tip: ⌘ custom filepath { path: '/custom/path/.env' }
[95m[BOOTSTRAP][0m Starting application...
[33m[SERVER][0m Starting server on port 59231...
[96m[DATABASE][0m Connecting MongoDB...
[32m[MONGODB][0m Connecting to MongoDB...
[32m[MONGODB][0m App logs connection established
[32m[MONGODB][0m Activities connection established
[32m[MONGODB][0m All connections established successfully
[96m[DATABASE][0m MongoDB connected successfully
[96m[DATABASE][0m Connecting Redis...
[31m[REDIS][0m Connecting to Redis...
[31m[REDIS][0m Connected successfully
[96m[DATABASE][0m Redis connected successfully
[96m[DATABASE][0m Connecting DB1...
[34m[POSTGRES][0m Testing DB1 connection...
[34m[POSTGRES][0m DB1 connected successfully
[96m[DATABASE][0m DB1 connected successfully
[96m[DATABASE][0m Successfully connected to 3 database(s)
[33m[SERVER][0m Server is running on http://:::59231
[95m[BOOTSTRAP][0m Application started successfully
[0mGET /api/v1/farmer/profile [36m304[0m 1640.599 ms - -[0m
[0mGET /api/v1/mandi/2a775b93-5db8-44d7-91a5-6eba579b3297/products [36m304[0m 554.217 ms - -[0m
[0mGET /api/v1/predictions?userId=8d8ffe2c-5a20-428f-94ee-c565555f0fd6&cropIds=1b73ba7c-fb67-48e8-b4d9-23a17f8e01ca%2C38f8aff3-13c3-4cd6-9ee8-2e420cbf0420%2C1b73ba7c-fb67-48e8-b4d9-23a17f8e01ca%2C8fb8846a-32a1-406e-819a-0846370cb8c3%2C38f8aff3-13c3-4cd6-9ee8-2e420cbf0420%2C8fb8846a-32a1-406e-819a-0846370cb8c3 [36m304[0m 445.684 ms - -[0m
[0mGET /api/v1/poll/active?userId=8d8ffe2c-5a20-428f-94ee-c565555f0fd6 [36m304[0m 204.197 ms - -[0m
[0mGET /api/v1/schemes?userId=8d8ffe2c-5a20-428f-94ee-c565555f0fd6 [36m304[0m 1426.606 ms - -[0m
[0mGET /api/v1/mandi/2a775b93-5db8-44d7-91a5-6eba579b3297/market-rates?cropIds=1b73ba7c-fb67-48e8-b4d9-23a17f8e01ca%2C38f8aff3-13c3-4cd6-9ee8-2e420cbf0420%2C8fb8846a-32a1-406e-819a-0846370cb8c3 [36m304[0m 1536.202 ms - -[0m
[0mGET /api/v1/market-insights?productId=1b73ba7c-fb67-48e8-b4d9-23a17f8e01ca&mandiId=2a775b93-5db8-44d7-91a5-6eba579b3297 [36m304[0m 372.708 ms - -[0m
[0mGET /api/v1/creators [36m304[0m 232.025 ms - -[0m
[0mGET /api/v1/farmer/calendar?userId=8d8ffe2c-5a20-428f-94ee-c565555f0fd6&year=2026&month=7 [36m304[0m 483.406 ms - -[0m
[0mGET /api/v1/farmer/tasks?userId=8d8ffe2c-5a20-428f-94ee-c565555f0fd6 [36m304[0m 476.730 ms - -[0m
[0mGET /api/v1/weather?mandiId=2a775b93-5db8-44d7-91a5-6eba579b3297 [36m304[0m 2035.851 ms - -[0m
[0mGET /api/v1/shorts?userId=8d8ffe2c-5a20-428f-94ee-c565555f0fd6 [36m304[0m 363.073 ms - -[0m
[0mGET /api/v1/mandi/2a775b93-5db8-44d7-91a5-6eba579b3297/products/1b73ba7c-fb67-48e8-b4d9-23a17f8e01ca/detail [36m304[0m 2364.441 ms - -[0m
[0mGET /api/v1/shorts?lang=hi&q=Integration [32m200[0m 556.872 ms - 517[0m
[0mGET /api/v1/shorts?lang=hi&q=Integration [32m200[0m 633.272 ms - 514[0m
[0mGET /api/v1/shorts/0b68622a-3197-43ed-be96-5c3b71919562/comments [32m200[0m 418.438 ms - 254[0m
[0mPOST /api/v1/shorts/0b68622a-3197-43ed-be96-5c3b71919562/save [32m200[0m 832.484 ms - 80[0m
[0mPOST /api/v1/shorts/0b68622a-3197-43ed-be96-5c3b71919562/comments [32m201[0m 546.969 ms - 326[0m
[0mPOST /api/v1/shorts/0b68622a-3197-43ed-be96-5c3b71919562/share [32m200[0m 330.359 ms - 69[0m
[0mPOST /api/v1/shorts/0b68622a-3197-43ed-be96-5c3b71919562/like [32m200[0m 1053.145 ms - 83[0m
[0mPOST /api/v1/creators/c8736c5c-c813-4078-a950-4288bb177d6a/follow [32m200[0m 728.472 ms - 91[0m
[0mPOST /api/v1/shorts/0b68622a-3197-43ed-be96-5c3b71919562/view [32m200[0m 329.038 ms - 67[0m
12:51:58 am [tsx] change in ./src\modules\krishiguru\repositories\krishiguru.repository.ts Restarting...
c◇ injected env (60) from .env // tip: ◈ encrypted .env [www.dotenvx.com]
[95m[BOOTSTRAP][0m Starting application...
[33m[SERVER][0m Starting server on port 59231...
[96m[DATABASE][0m Connecting MongoDB...
[32m[MONGODB][0m Connecting to MongoDB...
[32m[MONGODB][0m App logs connection established
[32m[MONGODB][0m Activities connection established
[32m[MONGODB][0m All connections established successfully
[96m[DATABASE][0m MongoDB connected successfully
[96m[DATABASE][0m Connecting Redis...
[31m[REDIS][0m Connecting to Redis...
[31m[REDIS][0m Connected successfully
[96m[DATABASE][0m Redis connected successfully
[96m[DATABASE][0m Connecting DB1...
[34m[POSTGRES][0m Testing DB1 connection...
[34m[POSTGRES][0m DB1 connected successfully
[96m[DATABASE][0m DB1 connected successfully
[96m[DATABASE][0m Successfully connected to 3 database(s)
[33m[SERVER][0m Server is running on http://:::59231
[95m[BOOTSTRAP][0m Application started successfully
[0mGET /api/v1/krishiguru/history [33m401[0m 4.561 ms - 42[0m
[0mGET /api/v1/krishiguru/history [32m200[0m 2753.316 ms - 164[0m
[0mPOST /api/v1/krishiguru/chat [31m502[0m 961.621 ms - 78[0m
[0mGET /api/v1/market-insights?productId=1b73ba7c-fb67-48e8-b4d9-23a17f8e01ca&mandiId=2a775b93-5db8-44d7-91a5-6eba579b3297 [32m200[0m 236.345 ms - 162[0m
1:00:19 am [tsx] unlink in ./src\modules\weather\services\weather.service.ts Restarting...
c◇ injected env (60) from .env // tip: ⌘ override existing { override: true }
[95m[BOOTSTRAP][0m Starting application...
[33m[SERVER][0m Starting server on port 59231...
[96m[DATABASE][0m Connecting MongoDB...
[32m[MONGODB][0m Connecting to MongoDB...
[32m[MONGODB][0m App logs connection established
[32m[MONGODB][0m Activities connection established
[32m[MONGODB][0m All connections established successfully
[96m[DATABASE][0m MongoDB connected successfully
[96m[DATABASE][0m Connecting Redis...
[31m[REDIS][0m Connecting to Redis...
[31m[REDIS][0m Connected successfully
[96m[DATABASE][0m Redis connected successfully
[96m[DATABASE][0m Connecting DB1...
[34m[POSTGRES][0m Testing DB1 connection...
[34m[POSTGRES][0m DB1 connected successfully
[96m[DATABASE][0m DB1 connected successfully
[96m[DATABASE][0m Successfully connected to 3 database(s)
[96m[DATABASE][0m Disconnecting all databases...
[32m[MONGODB][0m Disconnecting from MongoDB...
[31m[REDIS][0m Disconnecting from Redis...
[34m[POSTGRES][0m DB1 disconnected successfully
[32m[MONGODB][0m Disconnected successfully
[31m[REDIS][0m Disconnected successfully
[96m[DATABASE][0m MongoDB disconnected successfully
[96m[DATABASE][0m Redis disconnected successfully
[96m[DATABASE][0m DB1 disconnected successfully
[96m[DATABASE][0m All databases disconnected successfully
1:04:25 am [tsx] change in ./src\infrastructure\database\postgres\schemas\db1\all.schema.ts Rerunning...
c◇ injected env (60) from .env // tip: ⌘ suppress logs { quiet: true }
[95m[BOOTSTRAP][0m Starting application...
[33m[SERVER][0m Starting server on port 59231...
[96m[DATABASE][0m Connecting MongoDB...
[32m[MONGODB][0m Connecting to MongoDB...
[32m[MONGODB][0m App logs connection established
[32m[MONGODB][0m Activities connection established
[32m[MONGODB][0m All connections established successfully
[96m[DATABASE][0m MongoDB connected successfully
[96m[DATABASE][0m Connecting Redis...
[31m[REDIS][0m Connecting to Redis...
[31m[REDIS][0m Connected successfully
[96m[DATABASE][0m Redis connected successfully
[96m[DATABASE][0m Connecting DB1...
[34m[POSTGRES][0m Testing DB1 connection...
[34m[POSTGRES][0m DB1 connected successfully
[96m[DATABASE][0m DB1 connected successfully
[96m[DATABASE][0m Successfully connected to 3 database(s)
[96m[DATABASE][0m Disconnecting all databases...
[32m[MONGODB][0m Disconnecting from MongoDB...
[31m[REDIS][0m Disconnecting from Redis...
[34m[POSTGRES][0m DB1 disconnected successfully
[32m[MONGODB][0m Disconnected successfully
[31m[REDIS][0m Disconnected successfully
[96m[DATABASE][0m MongoDB disconnected successfully
[96m[DATABASE][0m Redis disconnected successfully
[96m[DATABASE][0m DB1 disconnected successfully
[96m[DATABASE][0m All databases disconnected successfully
1:05:26 am [tsx] unlink in ./src\modules\reward\repositories\reward.repository.ts Rerunning...
c◇ injected env (60) from .env // tip: ⌘ custom filepath { path: '/custom/path/.env' }
[95m[BOOTSTRAP][0m Starting application...
[33m[SERVER][0m Starting server on port 59231...
[96m[DATABASE][0m Connecting MongoDB...
[32m[MONGODB][0m Connecting to MongoDB...
[32m[MONGODB][0m App logs connection established
[32m[MONGODB][0m Activities connection established
[32m[MONGODB][0m All connections established successfully
[96m[DATABASE][0m MongoDB connected successfully
[96m[DATABASE][0m Connecting Redis...
[31m[REDIS][0m Connecting to Redis...
[31m[REDIS][0m Connected successfully
[96m[DATABASE][0m Redis connected successfully
[96m[DATABASE][0m Connecting DB1...
[34m[POSTGRES][0m Testing DB1 connection...
[34m[POSTGRES][0m DB1 connected successfully
[96m[DATABASE][0m DB1 connected successfully
[96m[DATABASE][0m Successfully connected to 3 database(s)
[96m[DATABASE][0m Disconnecting all databases...
[32m[MONGODB][0m Disconnecting from MongoDB...
[31m[REDIS][0m Disconnecting from Redis...
[34m[POSTGRES][0m DB1 disconnected successfully
[32m[MONGODB][0m Disconnected successfully
[31m[REDIS][0m Disconnected successfully
[96m[DATABASE][0m MongoDB disconnected successfully
[96m[DATABASE][0m Redis disconnected successfully
[96m[DATABASE][0m DB1 disconnected successfully
[96m[DATABASE][0m All databases disconnected successfully
1:05:47 am [tsx] change in ./src\modules\reward\routes\reward.routes.ts Rerunning...
c◇ injected env (60) from .env // tip: ⌘ override existing { override: true }
[95m[BOOTSTRAP][0m Starting application...
[33m[SERVER][0m Starting server on port 59231...
[96m[DATABASE][0m Connecting MongoDB...
[32m[MONGODB][0m Connecting to MongoDB...
[32m[MONGODB][0m App logs connection established
[32m[MONGODB][0m Activities connection established
[32m[MONGODB][0m All connections established successfully
[96m[DATABASE][0m MongoDB connected successfully
[96m[DATABASE][0m Connecting Redis...
[31m[REDIS][0m Connecting to Redis...
[31m[REDIS][0m Connected successfully
[96m[DATABASE][0m Redis connected successfully
[96m[DATABASE][0m Connecting DB1...
[34m[POSTGRES][0m Testing DB1 connection...
[34m[POSTGRES][0m DB1 connected successfully
[96m[DATABASE][0m DB1 connected successfully
[96m[DATABASE][0m Successfully connected to 3 database(s)
[33m[SERVER][0m Server is running on http://:::59231
[95m[BOOTSTRAP][0m Application started successfully
[0mGET /api/v1/rewards/catalog [32m200[0m 625.420 ms - 359[0m
[0mPOST /api/v1/rewards/redeem/d37d5958-360b-4019-bb77-58bbd3f9b2fe [33m409[0m 949.107 ms - 79[0m
[0mGET /api/v1/rewards/summary [32m200[0m 1490.421 ms - 365[0m
[0mPOST /api/v1/rewards/catalog [32m201[0m 436.842 ms - 319[0m
[0mPOST /api/v1/rewards/redeem/d37d5958-360b-4019-bb77-58bbd3f9b2fe [32m201[0m 1183.997 ms - 631[0m
1:12:54 am [tsx] change in ./src\modules\farmer\services\farmer.service.ts Restarting...
c◇ injected env (60) from .env // tip: ◈ secrets for agents [www.dotenvx.com]
[95m[BOOTSTRAP][0m Starting application...
[33m[SERVER][0m Starting server on port 59231...
[96m[DATABASE][0m Connecting MongoDB...
[32m[MONGODB][0m Connecting to MongoDB...
[32m[MONGODB][0m App logs connection established
[32m[MONGODB][0m Activities connection established
[32m[MONGODB][0m All connections established successfully
[96m[DATABASE][0m MongoDB connected successfully
[96m[DATABASE][0m Connecting Redis...
[31m[REDIS][0m Connecting to Redis...
[31m[REDIS][0m Connected successfully
[96m[DATABASE][0m Redis connected successfully
[96m[DATABASE][0m Connecting DB1...
[34m[POSTGRES][0m Testing DB1 connection...
[34m[POSTGRES][0m DB1 connected successfully
[96m[DATABASE][0m DB1 connected successfully
[96m[DATABASE][0m Successfully connected to 3 database(s)
[96m[DATABASE][0m Disconnecting all databases...
[32m[MONGODB][0m Disconnecting from MongoDB...
[31m[REDIS][0m Disconnecting from Redis...
[34m[POSTGRES][0m DB1 disconnected successfully
[32m[MONGODB][0m Disconnected successfully
[31m[REDIS][0m Disconnected successfully
[96m[DATABASE][0m MongoDB disconnected successfully
[96m[DATABASE][0m Redis disconnected successfully
[96m[DATABASE][0m DB1 disconnected successfully
[96m[DATABASE][0m All databases disconnected successfully
1:19:35 am [tsx] change in ./src\modules\content\routes\content.routes.ts Rerunning...
c◇ injected env (60) from .env // tip: ⌘ custom filepath { path: '/custom/path/.env' }
[95m[BOOTSTRAP][0m Starting application...
[33m[SERVER][0m Starting server on port 59231...
[96m[DATABASE][0m Connecting MongoDB...
[32m[MONGODB][0m Connecting to MongoDB...
[32m[MONGODB][0m App logs connection established
[32m[MONGODB][0m Activities connection established
[32m[MONGODB][0m All connections established successfully
[96m[DATABASE][0m MongoDB connected successfully
[96m[DATABASE][0m Connecting Redis...
[31m[REDIS][0m Connecting to Redis...
[31m[REDIS][0m Connected successfully
[96m[DATABASE][0m Redis connected successfully
[96m[DATABASE][0m Connecting DB1...
[34m[POSTGRES][0m Testing DB1 connection...
1:19:46 am [tsx] change in ./src\infrastructure\database\postgres\schemas\db1\all.schema.ts Restarting...
c◇ injected env (60) from .env // tip: ⌘ suppress logs { quiet: true }
[95m[BOOTSTRAP][0m Starting application...
[33m[SERVER][0m Starting server on port 59231...
[96m[DATABASE][0m Connecting MongoDB...
[32m[MONGODB][0m Connecting to MongoDB...
[32m[MONGODB][0m App logs connection established
[32m[MONGODB][0m Activities connection established
[32m[MONGODB][0m All connections established successfully
[96m[DATABASE][0m MongoDB connected successfully
[96m[DATABASE][0m Connecting Redis...
[31m[REDIS][0m Connecting to Redis...
[31m[REDIS][0m Connected successfully
[96m[DATABASE][0m Redis connected successfully
[96m[DATABASE][0m Connecting DB1...
[34m[POSTGRES][0m Testing DB1 connection...
[34m[POSTGRES][0m DB1 connected successfully
[96m[DATABASE][0m DB1 connected successfully
[96m[DATABASE][0m Successfully connected to 3 database(s)
[33m[SERVER][0m Server is running on http://:::59231
[95m[BOOTSTRAP][0m Application started successfully
1:21:02 am [tsx] change in ./src\modules\content\routes\content.routes.ts Restarting...
c◇ injected env (60) from .env // tip: ⌘ multiple files { path: ['.env.local', '.env'] }
[95m[BOOTSTRAP][0m Starting application...
[33m[SERVER][0m Starting server on port 59231...
[96m[DATABASE][0m Connecting MongoDB...
[32m[MONGODB][0m Connecting to MongoDB...
[32m[MONGODB][0m App logs connection established
[32m[MONGODB][0m Activities connection established
[32m[MONGODB][0m All connections established successfully
[96m[DATABASE][0m MongoDB connected successfully
[96m[DATABASE][0m Connecting Redis...
[31m[REDIS][0m Connecting to Redis...
[31m[REDIS][0m Connected successfully
[96m[DATABASE][0m Redis connected successfully
[96m[DATABASE][0m Connecting DB1...
[34m[POSTGRES][0m Testing DB1 connection...
1:21:13 am [tsx] change in ./src\modules\farmer\repositories\farmer.repository.ts Restarting...
c◇ injected env (60) from .env // tip: ⌘ custom filepath { path: '/custom/path/.env' }
[95m[BOOTSTRAP][0m Starting application...
[33m[SERVER][0m Starting server on port 59231...
[96m[DATABASE][0m Connecting MongoDB...
[32m[MONGODB][0m Connecting to MongoDB...
[32m[MONGODB][0m App logs connection established
[32m[MONGODB][0m Activities connection established
[32m[MONGODB][0m All connections established successfully
[96m[DATABASE][0m MongoDB connected successfully
[96m[DATABASE][0m Connecting Redis...
[31m[REDIS][0m Connecting to Redis...
[31m[REDIS][0m Connected successfully
[96m[DATABASE][0m Redis connected successfully
[96m[DATABASE][0m Connecting DB1...
[34m[POSTGRES][0m Testing DB1 connection...
[34m[POSTGRES][0m DB1 connected successfully
[96m[DATABASE][0m DB1 connected successfully
[96m[DATABASE][0m Successfully connected to 3 database(s)
[96m[DATABASE][0m Disconnecting all databases...
[32m[MONGODB][0m Disconnecting from MongoDB...
[31m[REDIS][0m Disconnecting from Redis...
[34m[POSTGRES][0m DB1 disconnected successfully
[32m[MONGODB][0m Disconnected successfully
[31m[REDIS][0m Disconnected successfully
[96m[DATABASE][0m MongoDB disconnected successfully
[96m[DATABASE][0m Redis disconnected successfully
[96m[DATABASE][0m DB1 disconnected successfully
[96m[DATABASE][0m All databases disconnected successfully
1:25:37 am [tsx] change in ./src\modules\farmer\repositories\farmer.repository.ts Rerunning...
c◇ injected env (60) from .env // tip: ⌘ enable debugging { debug: true }
[95m[BOOTSTRAP][0m Starting application...
[33m[SERVER][0m Starting server on port 59231...
[96m[DATABASE][0m Connecting MongoDB...
[32m[MONGODB][0m Connecting to MongoDB...
[32m[MONGODB][0m App logs connection established
[32m[MONGODB][0m Activities connection established
[32m[MONGODB][0m All connections established successfully
[96m[DATABASE][0m MongoDB connected successfully
[96m[DATABASE][0m Connecting Redis...
[31m[REDIS][0m Connecting to Redis...
[31m[REDIS][0m Connected successfully
[96m[DATABASE][0m Redis connected successfully
[96m[DATABASE][0m Connecting DB1...
[34m[POSTGRES][0m Testing DB1 connection...
[34m[POSTGRES][0m DB1 connected successfully
[96m[DATABASE][0m DB1 connected successfully
[96m[DATABASE][0m Successfully connected to 3 database(s)
[96m[DATABASE][0m Disconnecting all databases...
[32m[MONGODB][0m Disconnecting from MongoDB...
[31m[REDIS][0m Disconnecting from Redis...
[34m[POSTGRES][0m DB1 disconnected successfully
[32m[MONGODB][0m Disconnected successfully
[31m[REDIS][0m Disconnected successfully
[96m[DATABASE][0m MongoDB disconnected successfully
[96m[DATABASE][0m Redis disconnected successfully
[96m[DATABASE][0m DB1 disconnected successfully
[96m[DATABASE][0m All databases disconnected successfully
1:33:25 am [tsx] unlink in ./src\modules\sms\services\sms.service.ts Rerunning...
c◇ injected env (60) from .env // tip: ⌘ enable debugging { debug: true }
1:33:33 am [tsx] change in ./src\modules\auth\services\auth.service.ts Restarting...
c◇ injected env (60) from .env // tip: ⌘ enable debugging { debug: true }
[95m[BOOTSTRAP][0m Starting application...
[33m[SERVER][0m Starting server on port 59231...
[96m[DATABASE][0m Connecting MongoDB...
[32m[MONGODB][0m Connecting to MongoDB...
[32m[MONGODB][0m App logs connection established
[32m[MONGODB][0m Activities connection established
[32m[MONGODB][0m All connections established successfully
[96m[DATABASE][0m MongoDB connected successfully
[96m[DATABASE][0m Connecting Redis...
[31m[REDIS][0m Connecting to Redis...
[31m[REDIS][0m Connected successfully
[96m[DATABASE][0m Redis connected successfully
[96m[DATABASE][0m Connecting DB1...
[34m[POSTGRES][0m Testing DB1 connection...
[34m[POSTGRES][0m DB1 connected successfully
[96m[DATABASE][0m DB1 connected successfully
[96m[DATABASE][0m Successfully connected to 3 database(s)
[96m[DATABASE][0m Disconnecting all databases...
[32m[MONGODB][0m Disconnecting from MongoDB...
[31m[REDIS][0m Disconnecting from Redis...
[34m[POSTGRES][0m DB1 disconnected successfully
[32m[MONGODB][0m Disconnected successfully
[31m[REDIS][0m Disconnected successfully
[96m[DATABASE][0m MongoDB disconnected successfully
[96m[DATABASE][0m Redis disconnected successfully
[96m[DATABASE][0m DB1 disconnected successfully
[96m[DATABASE][0m All databases disconnected successfully
1:33:54 am [tsx] change in ./src\modules\auth\services\auth.service.ts Rerunning...
c◇ injected env (60) from .env // tip: ◈ secrets for agents [www.dotenvx.com]
[95m[BOOTSTRAP][0m Starting application...
[33m[SERVER][0m Starting server on port 59231...
[96m[DATABASE][0m Connecting MongoDB...
[32m[MONGODB][0m Connecting to MongoDB...
[32m[MONGODB][0m App logs connection established
[32m[MONGODB][0m Activities connection established
[32m[MONGODB][0m All connections established successfully
[96m[DATABASE][0m MongoDB connected successfully
[96m[DATABASE][0m Connecting Redis...
[31m[REDIS][0m Connecting to Redis...
[31m[REDIS][0m Connected successfully
[96m[DATABASE][0m Redis connected successfully
[96m[DATABASE][0m Connecting DB1...
[34m[POSTGRES][0m Testing DB1 connection...
[34m[POSTGRES][0m DB1 connected successfully
[96m[DATABASE][0m DB1 connected successfully
[96m[DATABASE][0m Successfully connected to 3 database(s)
[33m[SERVER][0m Server is running on http://:::59231
[95m[BOOTSTRAP][0m Application started successfully
1:35:20 am [tsx] change in ./src\modules\sms\services\sms.service.ts Restarting...
c◇ injected env (60) from .env // tip: ⌘ enable debugging { debug: true }
[95m[BOOTSTRAP][0m Starting application...
[33m[SERVER][0m Starting server on port 59231...
[96m[DATABASE][0m Connecting MongoDB...
[32m[MONGODB][0m Connecting to MongoDB...
[32m[MONGODB][0m App logs connection established
[32m[MONGODB][0m Activities connection established
[32m[MONGODB][0m All connections established successfully
[96m[DATABASE][0m MongoDB connected successfully
[96m[DATABASE][0m Connecting Redis...
[31m[REDIS][0m Connecting to Redis...
[31m[REDIS][0m Connected successfully
[96m[DATABASE][0m Redis connected successfully
[96m[DATABASE][0m Connecting DB1...
[34m[POSTGRES][0m Testing DB1 connection...
[34m[POSTGRES][0m DB1 connected successfully
[96m[DATABASE][0m DB1 connected successfully
[96m[DATABASE][0m Successfully connected to 3 database(s)
[96m[DATABASE][0m Disconnecting all databases...
[32m[MONGODB][0m Disconnecting from MongoDB...
[31m[REDIS][0m Disconnecting from Redis...
[34m[POSTGRES][0m DB1 disconnected successfully
[32m[MONGODB][0m Disconnected successfully
[31m[REDIS][0m Disconnected successfully
[96m[DATABASE][0m MongoDB disconnected successfully
[96m[DATABASE][0m Redis disconnected successfully
[96m[DATABASE][0m DB1 disconnected successfully
[96m[DATABASE][0m All databases disconnected successfully
1:38:00 am [tsx] change in ./src\modules\trader\routes\trader.routes.ts Rerunning...
c◇ injected env (60) from .env // tip: ◈ secrets for agents [www.dotenvx.com]
[95m[BOOTSTRAP][0m Starting application...
[33m[SERVER][0m Starting server on port 59231...
[96m[DATABASE][0m Connecting MongoDB...
[32m[MONGODB][0m Connecting to MongoDB...
[32m[MONGODB][0m App logs connection established
[32m[MONGODB][0m Activities connection established
[32m[MONGODB][0m All connections established successfully
[96m[DATABASE][0m MongoDB connected successfully
[96m[DATABASE][0m Connecting Redis...
[31m[REDIS][0m Connecting to Redis...
[31m[REDIS][0m Connected successfully
[96m[DATABASE][0m Redis connected successfully
[96m[DATABASE][0m Connecting DB1...
[34m[POSTGRES][0m Testing DB1 connection...
[34m[POSTGRES][0m DB1 connected successfully
[96m[DATABASE][0m DB1 connected successfully
[96m[DATABASE][0m Successfully connected to 3 database(s)
[33m[SERVER][0m Server is running on http://:::59231
[95m[BOOTSTRAP][0m Application started successfully
1:39:40 am [tsx] change in ./src\modules\mandi\routes\mandi-admin.routes.ts Restarting...
c◇ injected env (60) from .env // tip: ◈ encrypted .env [www.dotenvx.com]
[95m[BOOTSTRAP][0m Starting application...
[33m[SERVER][0m Starting server on port 59231...
[96m[DATABASE][0m Connecting MongoDB...
[32m[MONGODB][0m Connecting to MongoDB...
[32m[MONGODB][0m App logs connection established
[32m[MONGODB][0m Activities connection established
[32m[MONGODB][0m All connections established successfully
[96m[DATABASE][0m MongoDB connected successfully
[96m[DATABASE][0m Connecting Redis...
[31m[REDIS][0m Connecting to Redis...
[31m[REDIS][0m Connected successfully
[96m[DATABASE][0m Redis connected successfully
[96m[DATABASE][0m Connecting DB1...
[34m[POSTGRES][0m Testing DB1 connection...
[34m[POSTGRES][0m DB1 connected successfully
[96m[DATABASE][0m DB1 connected successfully
[96m[DATABASE][0m Successfully connected to 3 database(s)
[33m[SERVER][0m Server is running on http://:::59231
[95m[BOOTSTRAP][0m Application started successfully
[0mGET /api/v1/mandi/admin/traders [33m401[0m 216.808 ms - 42[0m
[0mGET /api/v1/mandi/admin/traders [33m403[0m 312.113 ms - 54[0m
[0mGET /api/v1/mandi/2a775b93-5db8-44d7-91a5-6eba579b3297/products/1b73ba7c-fb67-48e8-b4d9-23a17f8e01ca/detail [32m200[0m 1718.578 ms - -[0m
[0mPOST /api/v1/mandi/admin/traders [32m201[0m 892.787 ms - 463[0m
[0mPOST /api/v1/mandi/admin/2a775b93-5db8-44d7-91a5-6eba579b3297/traders [32m201[0m 755.514 ms - 414[0m
[0mPATCH /api/v1/mandi/admin/traders/6ffedbfc-46da-424a-80a3-ec0e1cdfa5fc [32m200[0m 535.874 ms - 464[0m
[0mPUT /api/v1/mandi/admin/2a775b93-5db8-44d7-91a5-6eba579b3297/products/1b73ba7c-fb67-48e8-b4d9-23a17f8e01ca/prices [32m200[0m 835.976 ms - 257[0m
1:43:31 am [tsx] change in ./src\infrastructure\database\postgres\schemas\db1\all.schema.ts Restarting...
c◇ injected env (60) from .env // tip: ⌘ multiple files { path: ['.env.local', '.env'] }
[95m[BOOTSTRAP][0m Starting application...
[33m[SERVER][0m Starting server on port 59231...
[96m[DATABASE][0m Connecting MongoDB...
[32m[MONGODB][0m Connecting to MongoDB...
[32m[MONGODB][0m App logs connection established
[32m[MONGODB][0m Activities connection established
[32m[MONGODB][0m All connections established successfully
[96m[DATABASE][0m MongoDB connected successfully
[96m[DATABASE][0m Connecting Redis...
[31m[REDIS][0m Connecting to Redis...
[31m[REDIS][0m Connected successfully
[96m[DATABASE][0m Redis connected successfully
[96m[DATABASE][0m Connecting DB1...
[34m[POSTGRES][0m Testing DB1 connection...
[34m[POSTGRES][0m DB1 connected successfully
[96m[DATABASE][0m DB1 connected successfully
[96m[DATABASE][0m Successfully connected to 3 database(s)
[33m[SERVER][0m Server is running on http://:::59231
[95m[BOOTSTRAP][0m Application started successfully
1:44:11 am [tsx] change in ./src\modules\content\routes\content.routes.ts Restarting...
c◇ injected env (60) from .env // tip: ◈ secrets for agents [www.dotenvx.com]
[95m[BOOTSTRAP][0m Starting application...
[33m[SERVER][0m Starting server on port 59231...
[96m[DATABASE][0m Connecting MongoDB...
[32m[MONGODB][0m Connecting to MongoDB...
[32m[MONGODB][0m App logs connection established
[32m[MONGODB][0m Activities connection established
[32m[MONGODB][0m All connections established successfully
[96m[DATABASE][0m MongoDB connected successfully
[96m[DATABASE][0m Connecting Redis...
[31m[REDIS][0m Connecting to Redis...
[31m[REDIS][0m Connected successfully
[96m[DATABASE][0m Redis connected successfully
[96m[DATABASE][0m Connecting DB1...
[34m[POSTGRES][0m Testing DB1 connection...
[34m[POSTGRES][0m DB1 connected successfully
[96m[DATABASE][0m DB1 connected successfully
[96m[DATABASE][0m Successfully connected to 3 database(s)
[96m[DATABASE][0m Disconnecting all databases...
[32m[MONGODB][0m Disconnecting from MongoDB...
[31m[REDIS][0m Disconnecting from Redis...
[34m[POSTGRES][0m DB1 disconnected successfully
[32m[MONGODB][0m Disconnected successfully
[31m[REDIS][0m Disconnected successfully
[96m[DATABASE][0m MongoDB disconnected successfully
[96m[DATABASE][0m Redis disconnected successfully
[96m[DATABASE][0m DB1 disconnected successfully
[96m[DATABASE][0m All databases disconnected successfully
2:02:52 am [tsx] change in ./src\modules\weather\services\weather.service.ts Rerunning...
c◇ injected env (60) from .env // tip: ⌁ auth for agents [www.vestauth.com]
[95m[BOOTSTRAP][0m Starting application...
[33m[SERVER][0m Starting server on port 59231...
[96m[DATABASE][0m Connecting MongoDB...
[32m[MONGODB][0m Connecting to MongoDB...
[32m[MONGODB][0m App logs connection established
[32m[MONGODB][0m Activities connection established
[32m[MONGODB][0m All connections established successfully
[96m[DATABASE][0m MongoDB connected successfully
[96m[DATABASE][0m Connecting Redis...
[31m[REDIS][0m Connecting to Redis...
[31m[REDIS][0m Connected successfully
[96m[DATABASE][0m Redis connected successfully
[96m[DATABASE][0m Connecting DB1...
[34m[POSTGRES][0m Testing DB1 connection...
[34m[POSTGRES][0m DB1 connected successfully
[96m[DATABASE][0m DB1 connected successfully
[96m[DATABASE][0m Successfully connected to 3 database(s)
[33m[SERVER][0m Server is running on http://:::59231
[95m[BOOTSTRAP][0m Application started successfully
[0mGET /api/v1/farmer/profile [36m304[0m 2556.160 ms - -[0m
[0mGET /api/v1/schemes?userId=8d8ffe2c-5a20-428f-94ee-c565555f0fd6 [36m304[0m 493.416 ms - -[0m
[0mGET /api/v1/mandi/2a775b93-5db8-44d7-91a5-6eba579b3297/products [36m304[0m 504.158 ms - -[0m
[0mGET /api/v1/poll/active?userId=8d8ffe2c-5a20-428f-94ee-c565555f0fd6 [36m304[0m 428.916 ms - -[0m
[0mGET /api/v1/predictions?userId=8d8ffe2c-5a20-428f-94ee-c565555f0fd6&cropIds=1b73ba7c-fb67-48e8-b4d9-23a17f8e01ca%2C38f8aff3-13c3-4cd6-9ee8-2e420cbf0420%2C1b73ba7c-fb67-48e8-b4d9-23a17f8e01ca%2C8fb8846a-32a1-406e-819a-0846370cb8c3%2C38f8aff3-13c3-4cd6-9ee8-2e420cbf0420%2C8fb8846a-32a1-406e-819a-0846370cb8c3 [36m304[0m 497.163 ms - -[0m
[0mGET /api/v1/market-insights?productId=1b73ba7c-fb67-48e8-b4d9-23a17f8e01ca&mandiId=2a775b93-5db8-44d7-91a5-6eba579b3297 [36m304[0m 332.649 ms - -[0m
[0mGET /api/v1/mandi/2a775b93-5db8-44d7-91a5-6eba579b3297/market-rates?cropIds=1b73ba7c-fb67-48e8-b4d9-23a17f8e01ca%2C38f8aff3-13c3-4cd6-9ee8-2e420cbf0420%2C8fb8846a-32a1-406e-819a-0846370cb8c3 [36m304[0m 1439.871 ms - -[0m
[0mGET /api/v1/farmer/calendar?userId=8d8ffe2c-5a20-428f-94ee-c565555f0fd6&year=2026&month=7 [36m304[0m 430.096 ms - -[0m
[0mGET /api/v1/creators [36m304[0m 225.110 ms - -[0m
[0mGET /api/v1/farmer/tasks?userId=8d8ffe2c-5a20-428f-94ee-c565555f0fd6 [36m304[0m 447.203 ms - -[0m
[0mGET /api/v1/shorts?userId=8d8ffe2c-5a20-428f-94ee-c565555f0fd6 [36m304[0m 312.947 ms - -[0m
[0mGET /api/v1/weather?mandiId=2a775b93-5db8-44d7-91a5-6eba579b3297 [36m304[0m 1983.564 ms - -[0m
[0mGET /api/v1/mandi/2a775b93-5db8-44d7-91a5-6eba579b3297/products/1b73ba7c-fb67-48e8-b4d9-23a17f8e01ca/detail [36m304[0m 2165.921 ms - -[0m
2:07:24 am [tsx] change in ./src\modules\reward\repositories\reward.repository.ts Restarting...
c◇ injected env (60) from .env // tip: ⌘ custom filepath { path: '/custom/path/.env' }
[95m[BOOTSTRAP][0m Starting application...
[33m[SERVER][0m Starting server on port 59231...
[96m[DATABASE][0m Connecting MongoDB...
[32m[MONGODB][0m Connecting to MongoDB...
[32m[MONGODB][0m App logs connection established
[32m[MONGODB][0m Activities connection established
[32m[MONGODB][0m All connections established successfully
[96m[DATABASE][0m MongoDB connected successfully
[96m[DATABASE][0m Connecting Redis...
[31m[REDIS][0m Connecting to Redis...
[31m[REDIS][0m Connected successfully
[96m[DATABASE][0m Redis connected successfully
[96m[DATABASE][0m Connecting DB1...
[34m[POSTGRES][0m Testing DB1 connection...
[34m[POSTGRES][0m DB1 connected successfully
[96m[DATABASE][0m DB1 connected successfully
[96m[DATABASE][0m Successfully connected to 3 database(s)
[96m[DATABASE][0m Disconnecting all databases...
[32m[MONGODB][0m Disconnecting from MongoDB...
[31m[REDIS][0m Disconnecting from Redis...
[34m[POSTGRES][0m DB1 disconnected successfully
[32m[MONGODB][0m Disconnected successfully
[31m[REDIS][0m Disconnected successfully
[96m[DATABASE][0m MongoDB disconnected successfully
[96m[DATABASE][0m Redis disconnected successfully
[96m[DATABASE][0m DB1 disconnected successfully
[96m[DATABASE][0m All databases disconnected successfully
2:16:10 am [tsx] change in ./src\infrastructure\database\postgres\schemas\db1\all.schema.ts Rerunning...
c◇ injected env (60) from .env // tip: ⌘ multiple files { path: ['.env.local', '.env'] }
[95m[BOOTSTRAP][0m Starting application...
[33m[SERVER][0m Starting server on port 59231...
[96m[DATABASE][0m Connecting MongoDB...
[32m[MONGODB][0m Connecting to MongoDB...
[32m[MONGODB][0m App logs connection established
[32m[MONGODB][0m Activities connection established
[32m[MONGODB][0m All connections established successfully
[96m[DATABASE][0m MongoDB connected successfully
[96m[DATABASE][0m Connecting Redis...
[31m[REDIS][0m Connecting to Redis...
[31m[REDIS][0m Connected successfully
[96m[DATABASE][0m Redis connected successfully
[96m[DATABASE][0m Connecting DB1...
[34m[POSTGRES][0m Testing DB1 connection...
[34m[POSTGRES][0m DB1 connected successfully
[96m[DATABASE][0m DB1 connected successfully
[96m[DATABASE][0m Successfully connected to 3 database(s)
[96m[DATABASE][0m Disconnecting all databases...
[32m[MONGODB][0m Disconnecting from MongoDB...
[31m[REDIS][0m Disconnecting from Redis...
[34m[POSTGRES][0m DB1 disconnected successfully
[32m[MONGODB][0m Disconnected successfully
[31m[REDIS][0m Disconnected successfully
[96m[DATABASE][0m MongoDB disconnected successfully
[96m[DATABASE][0m Redis disconnected successfully
[96m[DATABASE][0m DB1 disconnected successfully
[96m[DATABASE][0m All databases disconnected successfully
2:16:31 am [tsx] change in ./src\modules\mandi\repositories\mandi-price.repository.ts Rerunning...
c◇ injected env (60) from .env // tip: ⌁ auth for agents [www.vestauth.com]
[95m[BOOTSTRAP][0m Starting application...
[33m[SERVER][0m Starting server on port 59231...
[96m[DATABASE][0m Connecting MongoDB...
[32m[MONGODB][0m Connecting to MongoDB...
[32m[MONGODB][0m App logs connection established
[32m[MONGODB][0m Activities connection established
[32m[MONGODB][0m All connections established successfully
[96m[DATABASE][0m MongoDB connected successfully
[96m[DATABASE][0m Connecting Redis...
[31m[REDIS][0m Connecting to Redis...
[31m[REDIS][0m Connected successfully
[96m[DATABASE][0m Redis connected successfully
[96m[DATABASE][0m Connecting DB1...
[34m[POSTGRES][0m Testing DB1 connection...
[34m[POSTGRES][0m DB1 connected successfully
[96m[DATABASE][0m DB1 connected successfully
[96m[DATABASE][0m Successfully connected to 3 database(s)
[96m[DATABASE][0m Disconnecting all databases...
[32m[MONGODB][0m Disconnecting from MongoDB...
[31m[REDIS][0m Disconnecting from Redis...
[34m[POSTGRES][0m DB1 disconnected successfully
[32m[MONGODB][0m Disconnected successfully
[31m[REDIS][0m Disconnected successfully
[96m[DATABASE][0m MongoDB disconnected successfully
[96m[DATABASE][0m Redis disconnected successfully
[96m[DATABASE][0m DB1 disconnected successfully
[96m[DATABASE][0m All databases disconnected successfully
2:17:00 am [tsx] change in ./src\modules\mandi\controllers\mandi-ops.controller.ts Rerunning...
c◇ injected env (60) from .env // tip: ⌘ custom filepath { path: '/custom/path/.env' }
[95m[BOOTSTRAP][0m Starting application...
[33m[SERVER][0m Starting server on port 59231...
[96m[DATABASE][0m Connecting MongoDB...
[32m[MONGODB][0m Connecting to MongoDB...
[32m[MONGODB][0m App logs connection established
[32m[MONGODB][0m Activities connection established
[32m[MONGODB][0m All connections established successfully
[96m[DATABASE][0m MongoDB connected successfully
[96m[DATABASE][0m Connecting Redis...
[31m[REDIS][0m Connecting to Redis...
[31m[REDIS][0m Connected successfully
[96m[DATABASE][0m Redis connected successfully
[96m[DATABASE][0m Connecting DB1...
[34m[POSTGRES][0m Testing DB1 connection...
[34m[POSTGRES][0m DB1 connected successfully
[96m[DATABASE][0m DB1 connected successfully
[96m[DATABASE][0m Successfully connected to 3 database(s)
[33m[SERVER][0m Server is running on http://:::59231
[95m[BOOTSTRAP][0m Application started successfully
2:17:17 am [tsx] change in ./src\modules\mandi\services\mandi-public.service.ts Restarting...
c◇ injected env (60) from .env // tip: ⌘ override existing { override: true }
[95m[BOOTSTRAP][0m Starting application...
[33m[SERVER][0m Starting server on port 59231...
[96m[DATABASE][0m Connecting MongoDB...
[32m[MONGODB][0m Connecting to MongoDB...
[32m[MONGODB][0m App logs connection established
[32m[MONGODB][0m Activities connection established
[32m[MONGODB][0m All connections established successfully
[96m[DATABASE][0m MongoDB connected successfully
[96m[DATABASE][0m Connecting Redis...
[31m[REDIS][0m Connecting to Redis...
[31m[REDIS][0m Connected successfully
[96m[DATABASE][0m Redis connected successfully
[96m[DATABASE][0m Connecting DB1...
[34m[POSTGRES][0m Testing DB1 connection...
[34m[POSTGRES][0m DB1 connected successfully
[96m[DATABASE][0m DB1 connected successfully
[96m[DATABASE][0m Successfully connected to 3 database(s)
[33m[SERVER][0m Server is running on http://:::59231
[95m[BOOTSTRAP][0m Application started successfully
2:17:30 am [tsx] change in ./src\modules\mandi\controllers\mandi.controller.ts Restarting...
c◇ injected env (60) from .env // tip: ⌘ suppress logs { quiet: true }
[95m[BOOTSTRAP][0m Starting application...
[33m[SERVER][0m Starting server on port 59231...
[96m[DATABASE][0m Connecting MongoDB...
[32m[MONGODB][0m Connecting to MongoDB...
[32m[MONGODB][0m App logs connection established
[32m[MONGODB][0m Activities connection established
[32m[MONGODB][0m All connections established successfully
[96m[DATABASE][0m MongoDB connected successfully
[96m[DATABASE][0m Connecting Redis...
[31m[REDIS][0m Connecting to Redis...
[31m[REDIS][0m Connected successfully
[96m[DATABASE][0m Redis connected successfully
[96m[DATABASE][0m Connecting DB1...
[34m[POSTGRES][0m Testing DB1 connection...
[34m[POSTGRES][0m DB1 connected successfully
[96m[DATABASE][0m DB1 connected successfully
[96m[DATABASE][0m Successfully connected to 3 database(s)
[33m[SERVER][0m Server is running on http://:::59231
[95m[BOOTSTRAP][0m Application started successfully
2:17:56 am [tsx] change in ./src\modules\mandi\services\mandi-public.service.ts Restarting...
c◇ injected env (60) from .env // tip: ◈ secrets for agents [www.dotenvx.com]
[95m[BOOTSTRAP][0m Starting application...
[33m[SERVER][0m Starting server on port 59231...
[96m[DATABASE][0m Connecting MongoDB...
[32m[MONGODB][0m Connecting to MongoDB...
[32m[MONGODB][0m App logs connection established
[32m[MONGODB][0m Activities connection established
[32m[MONGODB][0m All connections established successfully
[96m[DATABASE][0m MongoDB connected successfully
[96m[DATABASE][0m Connecting Redis...
[31m[REDIS][0m Connecting to Redis...
[31m[REDIS][0m Connected successfully
[96m[DATABASE][0m Redis connected successfully
[96m[DATABASE][0m Connecting DB1...
[34m[POSTGRES][0m Testing DB1 connection...
[34m[POSTGRES][0m DB1 connected successfully
[96m[DATABASE][0m DB1 connected successfully
[96m[DATABASE][0m Successfully connected to 3 database(s)
[96m[DATABASE][0m Disconnecting all databases...
[32m[MONGODB][0m Disconnecting from MongoDB...
[31m[REDIS][0m Disconnecting from Redis...
[34m[POSTGRES][0m DB1 disconnected successfully
[32m[MONGODB][0m Disconnected successfully
[31m[REDIS][0m Disconnected successfully
[96m[DATABASE][0m MongoDB disconnected successfully
[96m[DATABASE][0m Redis disconnected successfully
[96m[DATABASE][0m DB1 disconnected successfully
[96m[DATABASE][0m All databases disconnected successfully
2:18:34 am [tsx] change in ./src\modules\mandi\controllers\mandi-ops.controller.ts Rerunning...
c◇ injected env (60) from .env // tip: ⌘ multiple files { path: ['.env.local', '.env'] }
[95m[BOOTSTRAP][0m Starting application...
[33m[SERVER][0m Starting server on port 59231...
[96m[DATABASE][0m Connecting MongoDB...
[32m[MONGODB][0m Connecting to MongoDB...
[32m[MONGODB][0m App logs connection established
[32m[MONGODB][0m Activities connection established
[32m[MONGODB][0m All connections established successfully
[96m[DATABASE][0m MongoDB connected successfully
[96m[DATABASE][0m Connecting Redis...
[31m[REDIS][0m Connecting to Redis...
[31m[REDIS][0m Connected successfully
[96m[DATABASE][0m Redis connected successfully
[96m[DATABASE][0m Connecting DB1...
[34m[POSTGRES][0m Testing DB1 connection...
[34m[POSTGRES][0m DB1 connected successfully
[96m[DATABASE][0m DB1 connected successfully
[96m[DATABASE][0m Successfully connected to 3 database(s)
[96m[DATABASE][0m Disconnecting all databases...
[32m[MONGODB][0m Disconnecting from MongoDB...
[31m[REDIS][0m Disconnecting from Redis...
[34m[POSTGRES][0m DB1 disconnected successfully
[32m[MONGODB][0m Disconnected successfully
[31m[REDIS][0m Disconnected successfully
[96m[DATABASE][0m MongoDB disconnected successfully
[96m[DATABASE][0m Redis disconnected successfully
[96m[DATABASE][0m DB1 disconnected successfully
[96m[DATABASE][0m All databases disconnected successfully
2:19:12 am [tsx] change in ./src\modules\market-insight\repositories\market-insight.repository.ts Rerunning...
c◇ injected env (60) from .env // tip: ⌘ multiple files { path: ['.env.local', '.env'] }
[95m[BOOTSTRAP][0m Starting application...
[33m[SERVER][0m Starting server on port 59231...
[96m[DATABASE][0m Connecting MongoDB...
[32m[MONGODB][0m Connecting to MongoDB...
[32m[MONGODB][0m App logs connection established
[32m[MONGODB][0m Activities connection established
[32m[MONGODB][0m All connections established successfully
[96m[DATABASE][0m MongoDB connected successfully
[96m[DATABASE][0m Connecting Redis...
[31m[REDIS][0m Connecting to Redis...
[31m[REDIS][0m Connected successfully
[96m[DATABASE][0m Redis connected successfully
[96m[DATABASE][0m Connecting DB1...
[34m[POSTGRES][0m Testing DB1 connection...
[34m[POSTGRES][0m DB1 connected successfully
[96m[DATABASE][0m DB1 connected successfully
[96m[DATABASE][0m Successfully connected to 3 database(s)
[96m[DATABASE][0m Disconnecting all databases...
[32m[MONGODB][0m Disconnecting from MongoDB...
[31m[REDIS][0m Disconnecting from Redis...
[34m[POSTGRES][0m DB1 disconnected successfully
[32m[MONGODB][0m Disconnected successfully
[31m[REDIS][0m Disconnected successfully
[96m[DATABASE][0m MongoDB disconnected successfully
[96m[DATABASE][0m Redis disconnected successfully
[96m[DATABASE][0m DB1 disconnected successfully
[96m[DATABASE][0m All databases disconnected successfully
2:19:29 am [tsx] change in ./src\modules\market-insight\repositories\market-insight.repository.ts Rerunning...
c◇ injected env (60) from .env // tip: ⌘ multiple files { path: ['.env.local', '.env'] }
[95m[BOOTSTRAP][0m Starting application...
[33m[SERVER][0m Starting server on port 59231...
[96m[DATABASE][0m Connecting MongoDB...
[32m[MONGODB][0m Connecting to MongoDB...
[32m[MONGODB][0m App logs connection established
[32m[MONGODB][0m Activities connection established
[32m[MONGODB][0m All connections established successfully
[96m[DATABASE][0m MongoDB connected successfully
[96m[DATABASE][0m Connecting Redis...
[31m[REDIS][0m Connecting to Redis...
[31m[REDIS][0m Connected successfully
[96m[DATABASE][0m Redis connected successfully
[96m[DATABASE][0m Connecting DB1...
[34m[POSTGRES][0m Testing DB1 connection...
[34m[POSTGRES][0m DB1 connected successfully
[96m[DATABASE][0m DB1 connected successfully
[96m[DATABASE][0m Successfully connected to 3 database(s)
[96m[DATABASE][0m Disconnecting all databases...
[32m[MONGODB][0m Disconnecting from MongoDB...
[31m[REDIS][0m Disconnecting from Redis...
[34m[POSTGRES][0m DB1 disconnected successfully
[32m[MONGODB][0m Disconnected successfully
[31m[REDIS][0m Disconnected successfully
[96m[DATABASE][0m MongoDB disconnected successfully
[96m[DATABASE][0m Redis disconnected successfully
[96m[DATABASE][0m DB1 disconnected successfully
[96m[DATABASE][0m All databases disconnected successfully
2:20:21 am [tsx] change in ./src\modules\market-insight\services\market-insight.service.ts Rerunning...
c◇ injected env (60) from .env // tip: ⌘ multiple files { path: ['.env.local', '.env'] }
[95m[BOOTSTRAP][0m Starting application...
[33m[SERVER][0m Starting server on port 59231...
[96m[DATABASE][0m Connecting MongoDB...
[32m[MONGODB][0m Connecting to MongoDB...
[32m[MONGODB][0m App logs connection established
[32m[MONGODB][0m Activities connection established
[32m[MONGODB][0m All connections established successfully
[96m[DATABASE][0m MongoDB connected successfully
[96m[DATABASE][0m Connecting Redis...
[31m[REDIS][0m Connecting to Redis...
[31m[REDIS][0m Connected successfully
[96m[DATABASE][0m Redis connected successfully
[96m[DATABASE][0m Connecting DB1...
[34m[POSTGRES][0m Testing DB1 connection...
[34m[POSTGRES][0m DB1 connected successfully
[96m[DATABASE][0m DB1 connected successfully
[96m[DATABASE][0m Successfully connected to 3 database(s)
[33m[SERVER][0m Server is running on http://:::59231
[95m[BOOTSTRAP][0m Application started successfully
2:20:48 am [tsx] change in ./src\modules\market-insight\routes\market-insight.routes.ts Restarting...
c◇ injected env (60) from .env // tip: ⌘ override existing { override: true }
[95m[BOOTSTRAP][0m Starting application...
[33m[SERVER][0m Starting server on port 59231...
[96m[DATABASE][0m Connecting MongoDB...
[32m[MONGODB][0m Connecting to MongoDB...
[32m[MONGODB][0m App logs connection established
[32m[MONGODB][0m Activities connection established
[32m[MONGODB][0m All connections established successfully
[96m[DATABASE][0m MongoDB connected successfully
[96m[DATABASE][0m Connecting Redis...
[31m[REDIS][0m Connecting to Redis...
[31m[REDIS][0m Connected successfully
[96m[DATABASE][0m Redis connected successfully
[96m[DATABASE][0m Connecting DB1...
[34m[POSTGRES][0m Testing DB1 connection...
[34m[POSTGRES][0m DB1 connected successfully
[96m[DATABASE][0m DB1 connected successfully
[96m[DATABASE][0m Successfully connected to 3 database(s)
[96m[DATABASE][0m Disconnecting all databases...
[32m[MONGODB][0m Disconnecting from MongoDB...
[31m[REDIS][0m Disconnecting from Redis...
[34m[POSTGRES][0m DB1 disconnected successfully
[32m[MONGODB][0m Disconnected successfully
[31m[REDIS][0m Disconnected successfully
[96m[DATABASE][0m MongoDB disconnected successfully
[96m[DATABASE][0m Redis disconnected successfully
[96m[DATABASE][0m DB1 disconnected successfully
[96m[DATABASE][0m All databases disconnected successfully
2:53:43 am [tsx] change in ./src\modules\farmer\routes\farmer.routes.ts Rerunning...
c◇ injected env (60) from .env // tip: ⌁ auth for agents [www.vestauth.com]
[95m[BOOTSTRAP][0m Starting application...
[33m[SERVER][0m Starting server on port 59231...
[96m[DATABASE][0m Connecting MongoDB...
[32m[MONGODB][0m Connecting to MongoDB...
[32m[MONGODB][0m App logs connection established
[32m[MONGODB][0m Activities connection established
[32m[MONGODB][0m All connections established successfully
[96m[DATABASE][0m MongoDB connected successfully
[96m[DATABASE][0m Connecting Redis...
[31m[REDIS][0m Connecting to Redis...
[31m[REDIS][0m Connected successfully
[96m[DATABASE][0m Redis connected successfully
[96m[DATABASE][0m Connecting DB1...
[34m[POSTGRES][0m Testing DB1 connection...
[34m[POSTGRES][0m DB1 connected successfully
[96m[DATABASE][0m DB1 connected successfully
[96m[DATABASE][0m Successfully connected to 3 database(s)
[96m[DATABASE][0m Disconnecting all databases...
[32m[MONGODB][0m Disconnecting from MongoDB...
[31m[REDIS][0m Disconnecting from Redis...
[34m[POSTGRES][0m DB1 disconnected successfully
[32m[MONGODB][0m Disconnected successfully
[31m[REDIS][0m Disconnected successfully
[96m[DATABASE][0m MongoDB disconnected successfully
[96m[DATABASE][0m Redis disconnected successfully
[96m[DATABASE][0m DB1 disconnected successfully
[96m[DATABASE][0m All databases disconnected successfully
2:58:16 am [tsx] change in ./src\modules\farmer\repositories\farmer.repository.ts Rerunning...
c◇ injected env (60) from .env // tip: ◈ encrypted .env [www.dotenvx.com]
[95m[BOOTSTRAP][0m Starting application...
[33m[SERVER][0m Starting server on port 59231...
[96m[DATABASE][0m Connecting MongoDB...
[32m[MONGODB][0m Connecting to MongoDB...
[32m[MONGODB][0m App logs connection established
[32m[MONGODB][0m Activities connection established
[32m[MONGODB][0m All connections established successfully
[96m[DATABASE][0m MongoDB connected successfully
[96m[DATABASE][0m Connecting Redis...
[31m[REDIS][0m Connecting to Redis...
[31m[REDIS][0m Connected successfully
[96m[DATABASE][0m Redis connected successfully
[96m[DATABASE][0m Connecting DB1...
[34m[POSTGRES][0m Testing DB1 connection...
[34m[POSTGRES][0m DB1 connected successfully
[96m[DATABASE][0m DB1 connected successfully
[96m[DATABASE][0m Successfully connected to 3 database(s)
[96m[DATABASE][0m Disconnecting all databases...
[32m[MONGODB][0m Disconnecting from MongoDB...
[31m[REDIS][0m Disconnecting from Redis...
[34m[POSTGRES][0m DB1 disconnected successfully
[32m[MONGODB][0m Disconnected successfully
[31m[REDIS][0m Disconnected successfully
[96m[DATABASE][0m MongoDB disconnected successfully
[96m[DATABASE][0m Redis disconnected successfully
[96m[DATABASE][0m DB1 disconnected successfully
[96m[DATABASE][0m All databases disconnected successfully
